0 info it worked if it ends with ok
1 verbose cli [ '/usr/local/bin/node', '/usr/local/bin/npm', 'start' ]
2 info using npm@3.10.3
3 info using node@v6.4.0
4 verbose run-script [ 'prestart', 'start', 'poststart' ]
5 info lifecycle hello-world@0.0.1~prestart: hello-world@0.0.1
6 silly lifecycle hello-world@0.0.1~prestart: no script for prestart, continuing
7 info lifecycle hello-world@0.0.1~start: hello-world@0.0.1
8 verbose lifecycle hello-world@0.0.1~start: unsafe-perm in lifecycle true
9 verbose lifecycle hello-world@0.0.1~start: PATH: /usr/local/lib/node_modules/npm/bin/node-gyp-bin:/Users/kiko/Tracey McTraceface/publishedTracey/node_modules/.bin:/usr/local/bin:/Applications/NEURON-7.4/nrn/x86_64/bin:/Users/kiko/anaconda2/bin:/usr/local/bin:/usr/bin:/bin:/usr/sbin:/sbin:/opt/X11/bin:/Library/TeX/texbin:/Applications/Postgres.app/Contents/Versions/9.4/bin
10 verbose lifecycle hello-world@0.0.1~start: CWD: /Users/kiko/Tracey McTraceface/publishedTracey
11 silly lifecycle hello-world@0.0.1~start: Args: [ '-c', 'react-scripts start' ]
12 silly lifecycle hello-world@0.0.1~start: Returned: code: 1  signal: null
13 info lifecycle hello-world@0.0.1~start: Failed to exec start script
14 verbose stack Error: hello-world@0.0.1 start: `react-scripts start`
14 verbose stack Exit status 1
14 verbose stack     at EventEmitter.<anonymous> (/usr/local/lib/node_modules/npm/lib/utils/lifecycle.js:242:16)
14 verbose stack     at emitTwo (events.js:106:13)
14 verbose stack     at EventEmitter.emit (events.js:191:7)
14 verbose stack     at ChildProcess.<anonymous> (/usr/local/lib/node_modules/npm/lib/utils/spawn.js:40:14)
14 verbose stack     at emitTwo (events.js:106:13)
14 verbose stack     at ChildProcess.emit (events.js:191:7)
14 verbose stack     at maybeClose (internal/child_process.js:852:16)
14 verbose stack     at Process.ChildProcess._handle.onexit (internal/child_process.js:215:5)
15 verbose pkgid hello-world@0.0.1
16 verbose cwd /Users/kiko/Tracey McTraceface/publishedTracey/src
17 error Darwin 16.4.0
18 error argv "/usr/local/bin/node" "/usr/local/bin/npm" "start"
19 error node v6.4.0
20 error npm  v3.10.3
21 error code ELIFECYCLE
22 error hello-world@0.0.1 start: `react-scripts start`
22 error Exit status 1
23 error Failed at the hello-world@0.0.1 start script 'react-scripts start'.
23 error Make sure you have the latest version of node.js and npm installed.
23 error If you do, this is most likely a problem with the hello-world package,
23 error not with npm itself.
23 error Tell the author that this fails on your system:
23 error     react-scripts start
23 error You can get information on how to open an issue for this project with:
23 error     npm bugs hello-world
23 error Or if that isn't available, you can get their info via:
23 error     npm owner ls hello-world
23 error There is likely additional logging output above.
24 verbose exit [ 1, true ]
